{"meta": {"format": 3, "version": "7.11.3", "timestamp": "2025-11-15T19:58:03.529406", "branch_coverage": false, "show_contexts": false}, "files": {"src/__init__.py": {"executed_lines": [1, 12, 13, 14, 15, 17, 24], "summary": {"covered_lines": 6, "num_statements": 6, "percent_covered": 100.0, "percent_covered_display": "100", "missing_lines": 0, "excluded_lines": 0}, "missing_lines": [], "excluded_lines": [], "functions": {"": {"executed_lines": [1, 12, 13, 14, 15, 17, 24], "summary": {"covered_lines": 6, "num_statements": 6, "percent_covered": 100.0, "percent_covered_display": "100", "missing_lines": 0, "excluded_lines": 0}, "missing_lines": [], "excluded_lines": []}}, "classes": {"": {"executed_lines": [1, 12, 13, 14, 15, 17, 24], "summary": {"covered_lines": 6, "num_statements": 6, "percent_covered": 100.0, "percent_covered_display": "100", "missing_lines": 0, "excluded_lines": 0}, "missing_lines": [], "excluded_lines": []}}}, "src/arraybuffer_extensions.py": {"executed_lines": [1, 8, 11, 12, 17, 35, 36, 39, 40, 41, 44, 45, 48, 49, 50, 51, 52, 54, 57, 58, 59, 62, 64, 66, 84, 85, 88, 92, 95, 96, 97, 98, 99, 100, 102, 105, 106, 107, 110, 112, 114, 126, 128, 143, 145, 146, 148], "summary": {"covered_lines": 45, "num_statements": 46, "percent_covered": 97.82608695652173, "percent_covered_display": "98", "missing_lines": 1, "excluded_lines": 0}, "missing_lines": [89], "excluded_lines": [], "functions": {"ArrayBufferExtensions.transfer": {"executed_lines": [35, 36, 39, 40, 41, 44, 45, 48, 49, 54, 57, 58, 59, 62, 64], "summary": {"covered_lines": 15, "num_statements": 15, "percent_covered": 100.0, "percent_covered_display": "100", "missing_lines": 0, "excluded_lines": 0}, "missing_lines": [], "excluded_lines": []}, "ArrayBufferExtensions.transfer.TransferredBuffer.__init__": {"executed_lines": [50, 51, 52], "summary": {"covered_lines": 3, "num_statements": 3, "percent_covered": 100.0, "percent_covered_display": "100", "missing_lines": 0, "excluded_lines": 0}, "missing_lines": [], "excluded_lines": []}, "ArrayBufferExtensions.transfer_to_fixed_length": {"executed_lines": [84, 85, 88, 92, 95, 96, 102, 105, 106, 107, 110, 112], "summary": {"covered_lines": 12, "num_statements": 13, "percent_covered": 92.3076923076923, "percent_covered_display": "92", "missing_lines": 1, "excluded_lines": 0}, "missing_lines": [89], "excluded_lines": []}, "ArrayBufferExtensions.transfer_to_fixed_length.FixedLengthBuffer.__init__": {"executed_lines": [97, 98, 99, 100], "summary": {"covered_lines": 4, "num_statements": 4, "percent_covered": 100.0, "percent_covered_display": "100", "missing_lines": 0, "excluded_lines": 0}, "missing_lines": [], "excluded_lines": []}, "ArrayBufferExtensions.is_detached": {"executed_lines": [126], "summary": {"covered_lines": 1, "num_statements": 1, "percent_covered": 100.0, "percent_covered_display": "100", "missing_lines": 0, "excluded_lines": 0}, "missing_lines": [], "excluded_lines": []}, "ArrayBufferExtensions.get_max_byte_length": {"executed_lines": [143, 145, 146, 148], "summary": {"covered_lines": 4, "num_statements": 4, "percent_covered": 100.0, "percent_covered_display": "100", "missing_lines": 0, "excluded_lines": 0}, "missing_lines": [], "excluded_lines": []}, "": {"executed_lines": [1, 8, 11, 12, 17, 66, 114, 128], "summary": {"covered_lines": 6, "num_statements": 6, "percent_covered": 100.0, "percent_covered_display": "100", "missing_lines": 0, "excluded_lines": 0}, "missing_lines": [], "excluded_lines": []}}, "classes": {"ArrayBufferExtensions": {"executed_lines": [35, 36, 39, 40, 41, 44, 45, 48, 49, 54, 57, 58, 59, 62, 64, 84, 85, 88, 92, 95, 96, 102, 105, 106, 107, 110, 112, 126, 143, 145, 146, 148], "summary": {"covered_lines": 32, "num_statements": 33, "percent_covered": 96.96969696969697, "percent_covered_display": "97", "missing_lines": 1, "excluded_lines": 0}, "missing_lines": [89], "excluded_lines": []}, "ArrayBufferExtensions.transfer.TransferredBuffer": {"executed_lines": [50, 51, 52], "summary": {"covered_lines": 3, "num_statements": 3, "percent_covered": 100.0, "percent_covered_display": "100", "missing_lines": 0, "excluded_lines": 0}, "missing_lines": [], "excluded_lines": []}, "ArrayBufferExtensions.transfer_to_fixed_length.FixedLengthBuffer": {"executed_lines": [97, 98, 99, 100], "summary": {"covered_lines": 4, "num_statements": 4, "percent_covered": 100.0, "percent_covered_display": "100", "missing_lines": 0, "excluded_lines": 0}, "missing_lines": [], "excluded_lines": []}, "": {"executed_lines": [1, 8, 11, 12, 17, 66, 114, 128], "summary": {"covered_lines": 6, "num_statements": 6, "percent_covered": 100.0, "percent_covered_display": "100", "missing_lines": 0, "excluded_lines": 0}, "missing_lines": [], "excluded_lines": []}}}, "src/growable_shared_buffer.py": {"executed_lines": [1, 8, 11, 12, 19, 32, 34, 36, 37, 39, 40, 41, 42, 44, 45, 47, 48, 50, 51, 53, 55, 68, 69, 71, 72, 73, 75, 76, 79, 81, 90], "summary": {"covered_lines": 29, "num_statements": 31, "percent_covered": 93.54838709677419, "percent_covered_display": "94", "missing_lines": 2, "excluded_lines": 0}, "missing_lines": [33, 35], "excluded_lines": [], "functions": {"GrowableSharedArrayBuffer.__init__": {"executed_lines": [32, 34, 36, 37, 39, 40, 41, 42], "summary": {"covered_lines": 8, "num_statements": 10, "percent_covered": 80.0, "percent_covered_display": "80", "missing_lines": 2, "excluded_lines": 0}, "missing_lines": [33, 35], "excluded_lines": []}, "GrowableSharedArrayBuffer.byte_length": {"executed_lines": [47, 48], "summary": {"covered_lines": 2, "num_statements": 2, "percent_covered": 100.0, "percent_covered_display": "100", "missing_lines": 0, "excluded_lines": 0}, "missing_lines": [], "excluded_lines": []}, "GrowableSharedArrayBuffer.max_byte_length": {"executed_lines": [53], "summary": {"covered_lines": 1, "num_statements": 1, "percent_covered": 100.0, "percent_covered_display": "100", "missing_lines": 0, "excluded_lines": 0}, "missing_lines": [], "excluded_lines": []}, "GrowableSharedArrayBuffer.grow": {"executed_lines": [68, 69, 71, 72, 73, 75, 76, 79], "summary": {"covered_lines": 8, "num_statements": 8, "percent_covered": 100.0, "percent_covered_display": "100", "missing_lines": 0, "excluded_lines": 0}, "missing_lines": [], "excluded_lines": []}, "GrowableSharedArrayBuffer.growable": {"executed_lines": [90], "summary": {"covered_lines": 1, "num_statements": 1, "percent_covered": 100.0, "percent_covered_display": "100", "missing_lines": 0, "excluded_lines": 0}, "missing_lines": [], "excluded_lines": []}, "": {"executed_lines": [1, 8, 11, 12, 19, 44, 45, 50, 51, 55, 81], "summary": {"covered_lines": 9, "num_statements": 9, "percent_covered": 100.0, "percent_covered_display": "100", "missing_lines": 0, "excluded_lines": 0}, "missing_lines": [], "excluded_lines": []}}, "classes": {"GrowableSharedArrayBuffer": {"executed_lines": [32, 34, 36, 37, 39, 40, 41, 42, 47, 48, 53, 68, 69, 71, 72, 73, 75, 76, 79, 90], "summary": {"covered_lines": 20, "num_statements": 22, "percent_covered": 90.9090909090909, "percent_covered_display": "91", "missing_lines": 2, "excluded_lines": 0}, "missing_lines": [33, 35], "excluded_lines": []}, "": {"executed_lines": [1, 8, 11, 12, 19, 44, 45, 50, 51, 55, 81], "summary": {"covered_lines": 9, "num_statements": 9, "percent_covered": 100.0, "percent_covered_display": "100", "missing_lines": 0, "excluded_lines": 0}, "missing_lines": [], "excluded_lines": []}}}, "src/resizable_buffer.py": {"executed_lines": [1, 9, 10, 17, 30, 32, 34, 35, 37, 38, 39, 40, 42, 43, 45, 47, 48, 50, 52, 65, 66, 68, 69, 71, 72, 76, 78, 87], "summary": {"covered_lines": 26, "num_statements": 28, "percent_covered": 92.85714285714286, "percent_covered_display": "93", "missing_lines": 2, "excluded_lines": 0}, "missing_lines": [31, 33], "excluded_lines": [], "functions": {"ResizableArrayBuffer.__init__": {"executed_lines": [30, 32, 34, 35, 37, 38, 39, 40], "summary": {"covered_lines": 8, "num_statements": 10, "percent_covered": 80.0, "percent_covered_display": "80", "missing_lines": 2, "excluded_lines": 0}, "missing_lines": [31, 33], "excluded_lines": []}, "ResizableArrayBuffer.byte_length": {"executed_lines": [45], "summary": {"covered_lines": 1, "num_statements": 1, "percent_covered": 100.0, "percent_covered_display": "100", "missing_lines": 0, "excluded_lines": 0}, "missing_lines": [], "excluded_lines": []}, "ResizableArrayBuffer.max_byte_length": {"executed_lines": [50], "summary": {"covered_lines": 1, "num_statements": 1, "percent_covered": 100.0, "percent_covered_display": "100", "missing_lines": 0, "excluded_lines": 0}, "missing_lines": [], "excluded_lines": []}, "ResizableArrayBuffer.resize": {"executed_lines": [65, 66, 68, 69, 71, 72, 76], "summary": {"covered_lines": 7, "num_statements": 7, "percent_covered": 100.0, "percent_covered_display": "100", "missing_lines": 0, "excluded_lines": 0}, "missing_lines": [], "excluded_lines": []}, "ResizableArrayBuffer.resizable": {"executed_lines": [87], "summary": {"covered_lines": 1, "num_statements": 1, "percent_covered": 100.0, "percent_covered_display": "100", "missing_lines": 0, "excluded_lines": 0}, "missing_lines": [], "excluded_lines": []}, "": {"executed_lines": [1, 9, 10, 17, 42, 43, 47, 48, 52, 78], "summary": {"covered_lines": 8, "num_statements": 8, "percent_covered": 100.0, "percent_covered_display": "100", "missing_lines": 0, "excluded_lines": 0}, "missing_lines": [], "excluded_lines": []}}, "classes": {"ResizableArrayBuffer": {"executed_lines": [30, 32, 34, 35, 37, 38, 39, 40, 45, 50, 65, 66, 68, 69, 71, 72, 76, 87], "summary": {"covered_lines": 18, "num_statements": 20, "percent_covered": 90.0, "percent_covered_display": "90", "missing_lines": 2, "excluded_lines": 0}, "missing_lines": [31, 33], "excluded_lines": []}, "": {"executed_lines": [1, 9, 10, 17, 42, 43, 47, 48, 52, 78], "summary": {"covered_lines": 8, "num_statements": 8, "percent_covered": 100.0, "percent_covered_display": "100", "missing_lines": 0, "excluded_lines": 0}, "missing_lines": [], "excluded_lines": []}}}, "src/typedarray_extensions.py": {"executed_lines": [1, 8, 9, 12, 13, 17, 30, 33, 34, 36, 38, 53, 56, 57, 59, 64, 65, 67], "summary": {"covered_lines": 16, "num_statements": 16, "percent_covered": 100.0, "percent_covered_display": "100", "missing_lines": 0, "excluded_lines": 0}, "missing_lines": [], "excluded_lines": [], "functions": {"TypedArrayExtensions.to_reversed": {"executed_lines": [30, 33, 34, 36], "summary": {"covered_lines": 4, "num_statements": 4, "percent_covered": 100.0, "percent_covered_display": "100", "missing_lines": 0, "excluded_lines": 0}, "missing_lines": [], "excluded_lines": []}, "TypedArrayExtensions.to_sorted": {"executed_lines": [53, 56, 57, 59, 64, 65, 67], "summary": {"covered_lines": 7, "num_statements": 7, "percent_covered": 100.0, "percent_covered_display": "100", "missing_lines": 0, "excluded_lines": 0}, "missing_lines": [], "excluded_lines": []}, "": {"executed_lines": [1, 8, 9, 12, 13, 17, 38], "summary": {"covered_lines": 5, "num_statements": 5, "percent_covered": 100.0, "percent_covered_display": "100", "missing_lines": 0, "excluded_lines": 0}, "missing_lines": [], "excluded_lines": []}}, "classes": {"TypedArrayExtensions": {"executed_lines": [30, 33, 34, 36, 53, 56, 57, 59, 64, 65, 67], "summary": {"covered_lines": 11, "num_statements": 11, "percent_covered": 100.0, "percent_covered_display": "100", "missing_lines": 0, "excluded_lines": 0}, "missing_lines": [], "excluded_lines": []}, "": {"executed_lines": [1, 8, 9, 12, 13, 17, 38], "summary": {"covered_lines": 5, "num_statements": 5, "percent_covered": 100.0, "percent_covered_display": "100", "missing_lines": 0, "excluded_lines": 0}, "missing_lines": [], "excluded_lines": []}}}}, "totals": {"covered_lines": 122, "num_statements": 127, "percent_covered": 96.06299212598425, "percent_covered_display": "96", "missing_lines": 5, "excluded_lines": 0}}